[debug] [2022-04-25T18:56:44.793Z] ----------------------------------------------------------------------
[debug] [2022-04-25T18:56:44.796Z] Command:       C:\Program Files\nodejs\node.exe C:\Users\R. K Bokul\AppData\Roaming\npm\node_modules\firebase-tools\lib\bin\firebase.js init
[debug] [2022-04-25T18:56:44.796Z] CLI Version:   10.7.1
[debug] [2022-04-25T18:56:44.796Z] Platform:      win32
[debug] [2022-04-25T18:56:44.796Z] Node Version:  v16.14.0
[debug] [2022-04-25T18:56:44.844Z] Time:          Tue Apr 26 2022 00:56:44 GMT+0600 (Bangladesh Standard Time)
[debug] [2022-04-25T18:56:44.845Z] ----------------------------------------------------------------------
[debug] 
[debug] [2022-04-25T18:56:45.008Z] > command requires scopes: ["email","openid","https://www.googleapis.com/auth/cloudplatformprojects.readonly","https://www.googleapis.com/auth/firebase","https://www.googleapis.com/auth/cloud-platform"]
[debug] [2022-04-25T18:56:45.009Z] > authorizing via signed-in user (rkbokul@gmail.com)
[info] 
     ######## #### ########  ######## ########     ###     ######  ########
     ##        ##  ##     ## ##       ##     ##  ##   ##  ##       ##
     ######    ##  ########  ######   ########  #########  ######  ######
     ##        ##  ##    ##  ##       ##     ## ##     ##       ## ##
     ##       #### ##     ## ######## ########  ##     ##  ######  ########

You're about to initialize a Firebase project in this directory:

  C:\Users\R. K Bokul\Desktop\service-provider

Before we get started, keep in mind:

  * You are initializing within an existing Firebase project directory

